<?xml version="1.0" encoding="UTF-8"?>
<testng-results ignored="0" total="1" passed="1" failed="0" skipped="0">
  <reporter-output>
  </reporter-output>
  <suite started-at="2023-12-18T00:00:04 IST" name="Default suite" finished-at="2023-12-18T00:00:33 IST" duration-ms="28468">
    <groups>
      <group name="cucumber">
        <method signature="AbstractTestNGCucumberTests.runScenario(io.cucumber.testng.PickleWrapper,io.cucumber.testng.FeatureWrapper)[pri:0, instance:runners.RunnerClass@6e9a5ed8]" name="runScenario" class="io.cucumber.testng.AbstractTestNGCucumberTests"/>
      </group> <!-- cucumber -->
    </groups>
    <test started-at="2023-12-18T00:00:04 IST" name="Default test" finished-at="2023-12-18T00:00:33 IST" duration-ms="28468">
      <class name="runners.RunnerClass">
        <test-method is-config="true" signature="setUpClass(org.testng.ITestContext)[pri:0, instance:runners.RunnerClass@6e9a5ed8]" started-at="2023-12-18T00:00:04 IST" name="setUpClass" finished-at="2023-12-18T00:00:05 IST" duration-ms="394" status="PASS">
          <params>
            <param index="0">
              <value>
                <![CDATA[org.testng.TestRunner@423c5404]]>
              </value>
            </param>
          </params>
          <reporter-output>
          </reporter-output>
        </test-method> <!-- setUpClass -->
        <test-method is-config="true" signature="setup()[pri:0, instance:runners.RunnerClass@6e9a5ed8]" started-at="2023-12-18T00:00:05 IST" name="setup" finished-at="2023-12-18T00:00:05 IST" duration-ms="90" status="PASS">
          <reporter-output>
          </reporter-output>
        </test-method> <!-- setup -->
        <test-method signature="runScenario(io.cucumber.testng.PickleWrapper,io.cucumber.testng.FeatureWrapper)[pri:0, instance:runners.RunnerClass@6e9a5ed8]" started-at="2023-12-18T00:00:05 IST" name="runScenario" description="Runs Cucumber Scenarios" data-provider="scenarios" finished-at="2023-12-18T00:00:33 IST" duration-ms="27817" status="PASS">
          <params>
            <param index="0">
              <value>
                <![CDATA["Validate product addition to cart"]]>
              </value>
            </param>
            <param index="1">
              <value>
                <![CDATA["The product is successfully added to the cart."]]>
              </value>
            </param>
          </params>
          <reporter-output>
          </reporter-output>
        </test-method> <!-- runScenario -->
        <test-method is-config="true" signature="tearDownClass()[pri:0, instance:runners.RunnerClass@6e9a5ed8]" started-at="2023-12-18T00:00:33 IST" name="tearDownClass" finished-at="2023-12-18T00:00:33 IST" duration-ms="94" status="PASS">
          <reporter-output>
          </reporter-output>
        </test-method> <!-- tearDownClass -->
      </class> <!-- runners.RunnerClass -->
    </test> <!-- Default test -->
  </suite> <!-- Default suite -->
</testng-results>
